<?xml version="1.0" encoding="utf-8"?><testsuites name="pytest tests"><testsuite name="pytest" errors="0" failures="0" skipped="0" tests="42" time="0.173" timestamp="2026-02-11T21:56:30.811317+00:00" hostname="556de3efa0cf"><testcase classname="test_cortexvid.TestImports" name="test_import_base_agent" time="0.067" /><testcase classname="test_cortexvid.TestImports" name="test_import_config" time="0.000" /><testcase classname="test_cortexvid.TestImports" name="test_import_observability" time="0.000" /><testcase classname="test_cortexvid.TestImports" name="test_import_opus_planner" time="0.001" /><testcase classname="test_cortexvid.TestImports" name="test_import_orchestrator" time="0.001" /><testcase classname="test_cortexvid.TestImports" name="test_import_synthesis_agent" time="0.000" /><testcase classname="test_cortexvid.TestIngestPlan" name="test_default_plan" time="0.000" /><testcase classname="test_cortexvid.TestIngestPlan" name="test_skip_plan" time="0.000" /><testcase classname="test_cortexvid.TestIngestPlan" name="test_to_dict" time="0.000" /><testcase classname="test_cortexvid.TestSynthesisPlan" name="test_default_synthesis_plan" time="0.000" /><testcase classname="test_cortexvid.TestSynthesisPlan" name="test_investigative_plan" time="0.000" /><testcase classname="test_cortexvid.TestSynthesisPlan" name="test_to_dict_roundtrip" time="0.000" /><testcase classname="test_cortexvid.TestAdaptiveAnalysis" name="test_clean_segment" time="0.000" /><testcase classname="test_cortexvid.TestAdaptiveAnalysis" name="test_high_risk" time="0.000" /><testcase classname="test_cortexvid.TestOpusPlannerLogic" name="test_default_plans_fallback" time="0.000" /><testcase classname="test_cortexvid.TestOpusPlannerLogic" name="test_json_parsing_clean" time="0.000" /><testcase classname="test_cortexvid.TestOpusPlannerLogic" name="test_json_parsing_garbage" time="0.000" /><testcase classname="test_cortexvid.TestOpusPlannerLogic" name="test_json_parsing_markdown_fenced" time="0.000" /><testcase classname="test_cortexvid.TestOpusPlannerLogic" name="test_planner_stats" time="0.001" /><testcase classname="test_cortexvid.TestOpusPlannerLogic" name="test_small_segment_count_skips_planning" time="0.001" /><testcase classname="test_cortexvid.TestObservability" name="test_evaluator_ingest_scoring" time="0.000" /><testcase classname="test_cortexvid.TestObservability" name="test_evaluator_summary" time="0.000" /><testcase classname="test_cortexvid.TestObservability" name="test_evaluator_synthesis_scoring" time="0.000" /><testcase classname="test_cortexvid.TestObservability" name="test_metrics_collection" time="0.000" /><testcase classname="test_cortexvid.TestConfig" name="test_full_app_config" time="0.000" /><testcase classname="test_cortexvid.TestConfig" name="test_opus_model_default" time="0.000" /><testcase classname="test_cortexvid.TestConfig" name="test_synthesis_strategies" time="0.000" /><testcase classname="test_cortexvid.TestConfig" name="test_x402_guardrails" time="0.000" /><testcase classname="test_cortexvid.TestOpusPlannerWithMockLLM" name="test_plan_ingest_with_mock_llm" time="0.001" /><testcase classname="test_cortexvid.TestOpusPlannerWithMockLLM" name="test_plan_synthesis_with_mock_llm" time="0.001" /><testcase classname="test_integration.TestOrchestrator" name="test_synthesis_strategies_exist" time="0.000" /><testcase classname="test_integration.TestOrchestrator" name="test_synthesis_strategy_content" time="0.000" /><testcase classname="test_integration.TestSynthesisAgent" name="test_default_system_prompt" time="0.002" /><testcase classname="test_integration.TestSynthesisAgent" name="test_system_prompt_override" time="0.002" /><testcase classname="test_integration.TestX402PaymentAgent" name="test_guardrail_max_payment" time="0.000" /><testcase classname="test_integration.TestX402PaymentAgent" name="test_pricing_schedule" time="0.000" /><testcase classname="test_integration.TestOpusPlannerFullFlow" name="test_adaptive_analysis_discrepancy" time="0.002" /><testcase classname="test_integration.TestOpusPlannerFullFlow" name="test_ingest_plan_efficiency" time="0.001" /><testcase classname="test_integration.TestOpusPlannerFullFlow" name="test_synthesis_plan_conflict_detection" time="0.001" /><testcase classname="test_integration.TestObservabilityDecorators" name="test_evaluator_full_pipeline" time="0.000" /><testcase classname="test_integration.TestObservabilityDecorators" name="test_trace_opus_plan_captures_ingest_metrics" time="0.000" /><testcase classname="test_integration.TestObservabilityDecorators" name="test_trace_synthesis_captures_quality_metrics" time="0.000" /></testsuite></testsuites>